<?xml version="1.0" encoding="UTF-8"?>
<!-- Generated by org.testng.reporters.JUnitXMLReporter -->
<testsuite hostname="DESKTOP-PK57O42" ignored="0" name="Command line test" tests="1" failures="1" timestamp="2021-01-09T19:40:09 COT" time="0.026" errors="0">
  <testcase name="exampleTest" time="0.004" classname="example.AppTest">
    <failure type="java.lang.NullPointerException">
      <![CDATA[java.lang.NullPointerException
at example.AppTest.exampleTest(AppTest.java:10)
at java.util.ArrayList.forEach(ArrayList.java:1259)
... Removed 36 stack frames]]>
    </failure>
  </testcase> <!-- exampleTest -->
</testsuite> <!-- Command line test -->
